<?xml version="1.0" encoding="UTF-8"?>
<testsuite name="ru.otus.bank.service.impl.AccountServiceImplParametrizedTest" tests="8" skipped="0" failures="0" errors="0" timestamp="2024-04-08T12:17:17" hostname="LAPTOP-RV8MPBQ6" time="2.538">
  <properties/>
  <testcase name="[1] 100, 10, true" classname="ru.otus.bank.service.impl.AccountServiceImplParametrizedTest" time="2.334"/>
  <testcase name="[2] 10, 100, false" classname="ru.otus.bank.service.impl.AccountServiceImplParametrizedTest" time="0.01"/>
  <testcase name="[3] 100, 0, false" classname="ru.otus.bank.service.impl.AccountServiceImplParametrizedTest" time="0.021"/>
  <testcase name="[4] 100, -1, false" classname="ru.otus.bank.service.impl.AccountServiceImplParametrizedTest" time="0.014"/>
  <testcase name="[1] 100, 10, true" classname="ru.otus.bank.service.impl.AccountServiceImplParametrizedTest" time="0.007"/>
  <testcase name="[2] 10, 100, false" classname="ru.otus.bank.service.impl.AccountServiceImplParametrizedTest" time="0.005"/>
  <testcase name="[3] 10, 0, false" classname="ru.otus.bank.service.impl.AccountServiceImplParametrizedTest" time="0.005"/>
  <testcase name="[4] 10, -1, false" classname="ru.otus.bank.service.impl.AccountServiceImplParametrizedTest" time="0.006"/>
  <system-out><![CDATA[]]></system-out>
  <system-err><![CDATA[WARNING: A Java agent has been loaded dynamically (C:\Users\eninq\.gradle\caches\modules-2\files-2.1\net.bytebuddy\byte-buddy-agent\1.14.12\be4984cb6fd1ef1d11f218a648889dfda44b8a15\byte-buddy-agent-1.14.12.jar)
WARNING: If a serviceability tool is in use, please run with -XX:+EnableDynamicAgentLoading to hide this warning
WARNING: If a serviceability tool is not in use, please run with -Djdk.instrument.traceUsage for more information
WARNING: Dynamic loading of agents will be disallowed by default in a future release
]]></system-err>
</testsuite>
