<?xml version="1.0" encoding="UTF-8"?>
<testsuite name="ru.otus.bank.service.impl.AccountServiceImplTest" tests="3" skipped="0" failures="0" errors="0" timestamp="2024-04-08T12:17:20" hostname="LAPTOP-RV8MPBQ6" time="0.035">
  <properties/>
  <testcase name="testSourceNotFound()" classname="ru.otus.bank.service.impl.AccountServiceImplTest" time="0.007"/>
  <testcase name="testTransfer()" classname="ru.otus.bank.service.impl.AccountServiceImplTest" time="0.006"/>
  <testcase name="testTransferWithVerify()" classname="ru.otus.bank.service.impl.AccountServiceImplTest" time="0.02"/>
  <system-out><![CDATA[]]></system-out>
  <system-err><![CDATA[]]></system-err>
</testsuite>
